#
# There is insufficient memory for the Java Runtime Environment to continue.
# Native memory allocation (malloc) failed to allocate 32744 bytes for ChunkPool::allocate
# Possible reasons:
#   The system is out of physical RAM or swap space
#   In 32 bit mode, the process size limit was hit
# Possible solutions:
#   Reduce memory load on the system
#   Increase physical memory or swap space
#   Check if swap backing store is full
#   Use 64 bit Java on a 64 bit OS
#   Decrease Java heap size (-Xmx/-Xms)
#   Decrease number of Java threads
#   Decrease Java thread stack sizes (-Xss)
#   Set larger code cache with -XX:ReservedCodeCacheSize=
# This output file may be truncated or incomplete.
#
#  Out of Memory Error (allocation.cpp:273), pid=226884, tid=216108
#
# JRE version: Java(TM) SE Runtime Environment (8.0_45-b15) (build 1.8.0_45-b15)
# Java VM: Java HotSpot(TM) 64-Bit Server VM (25.45-b02 mixed mode windows-amd64 compressed oops)
# Failed to write core dump. Minidumps are not enabled by default on client versions of Windows
#

---------------  T H R E A D  ---------------

Current thread (0x0000000001e65800):  JavaThread "C2 CompilerThread1" daemon [_thread_in_native, id=216108, stack(0x00000000160e0000,0x00000000161e0000)]

Stack: [0x00000000160e0000,0x00000000161e0000]
Native frames: (J=compiled Java code, j=interpreted, Vv=VM code, C=native code)
V  [jvm.dll+0x32b57a]
V  [jvm.dll+0x279873]
V  [jvm.dll+0x27a509]
V  [jvm.dll+0x271825]
V  [jvm.dll+0xcb804]
V  [jvm.dll+0xcba27]
V  [jvm.dll+0xcbeac]
V  [jvm.dll+0x4975e0]
V  [jvm.dll+0x497855]
V  [jvm.dll+0x493a5c]
V  [jvm.dll+0x45f8f8]
V  [jvm.dll+0x46a73b]
V  [jvm.dll+0x46cd52]
V  [jvm.dll+0x4500f2]
V  [jvm.dll+0xa4352]
V  [jvm.dll+0xa4c8f]
V  [jvm.dll+0x241984]
V  [jvm.dll+0x29853a]
C  [msvcr100.dll+0x21d9f]
C  [msvcr100.dll+0x21e3b]
C  [KERNEL32.DLL+0x13d2]
C  [ntdll.dll+0x154e4]


Current CompileTask:
C2:   6940 2262   !   4       java.net.URLClassLoader$1::run (63 bytes)


---------------  P R O C E S S  ---------------

Java Threads: ( => current thread )
  0x000000001774f000 JavaThread "File lock request listener" [_thread_in_native, id=225252, stack(0x000000001b990000,0x000000001ba90000)]
  0x000000001774e800 JavaThread "Keep-Alive-Timer" daemon [_thread_blocked, id=223088, stack(0x000000001b690000,0x000000001b790000)]
  0x000000001774d000 JavaThread "Stdin handler" [_thread_blocked, id=226336, stack(0x0000000018bf0000,0x0000000018cf0000)]
  0x000000001774b000 JavaThread "Daemon worker" [_thread_in_native, id=219264, stack(0x0000000018af0000,0x0000000018bf0000)]
  0x000000001774a800 JavaThread "Cancel handler" [_thread_blocked, id=224388, stack(0x00000000189f0000,0x0000000018af0000)]
  0x0000000017749000 JavaThread "Handler for socket connection from /127.0.0.1:50194 to /127.0.0.1:50196" [_thread_in_native, id=225892, stack(0x00000000188f0000,0x00000000189f0000)]
  0x000000001774c000 JavaThread "Daemon" [_thread_blocked, id=223936, stack(0x00000000187f0000,0x00000000188f0000)]
  0x0000000017890000 JavaThread "Incoming local TCP Connector on port 50194" [_thread_in_native, id=225672, stack(0x00000000170e0000,0x00000000171e0000)]
  0x000000001630b000 JavaThread "Service Thread" daemon [_thread_blocked, id=180068, stack(0x00000000166e0000,0x00000000167e0000)]
  0x0000000001ead000 JavaThread "C1 CompilerThread2" daemon [_thread_blocked, id=224128, stack(0x00000000161e0000,0x00000000162e0000)]
=>0x0000000001e65800 JavaThread "C2 CompilerThread1" daemon [_thread_in_native, id=216108, stack(0x00000000160e0000,0x00000000161e0000)]
  0x0000000001e5d800 JavaThread "C2 CompilerThread0" daemon [_thread_in_native, id=226508, stack(0x0000000015fe0000,0x00000000160e0000)]
  0x0000000001e5b800 JavaThread "Attach Listener" daemon [_thread_blocked, id=143612, stack(0x0000000015ee0000,0x0000000015fe0000)]
  0x0000000001e5a800 JavaThread "Signal Dispatcher" daemon [_thread_blocked, id=224980, stack(0x0000000015de0000,0x0000000015ee0000)]
  0x0000000000ea7000 JavaThread "Finalizer" daemon [_thread_blocked, id=225640, stack(0x0000000015ce0000,0x0000000015de0000)]
  0x0000000000e9e000 JavaThread "Reference Handler" daemon [_thread_blocked, id=224092, stack(0x0000000015be0000,0x0000000015ce0000)]
  0x0000000000f8e000 JavaThread "main" [_thread_blocked, id=225580, stack(0x0000000000bf0000,0x0000000000cf0000)]

Other Threads:
  0x0000000001e28000 VMThread [stack: 0x0000000015ae0000,0x0000000015be0000] [id=192296]
  0x0000000016315000 WatcherThread [stack: 0x00000000167e0000,0x00000000168e0000] [id=227172]

VM state:not at safepoint (normal execution)

VM Mutex/Monitor currently owned by a thread: None

Heap:
 PSYoungGen      total 53248K, used 10322K [0x00000000eab00000, 0x00000000eea80000, 0x0000000100000000)
  eden space 42496K, 9% used [0x00000000eab00000,0x00000000eaed2bb0,0x00000000ed480000)
  from space 10752K, 59% used [0x00000000ee000000,0x00000000ee641ee0,0x00000000eea80000)
  to   space 11264K, 0% used [0x00000000ed480000,0x00000000ed480000,0x00000000edf80000)
 ParOldGen       total 70144K, used 9528K [0x00000000c0000000, 0x00000000c4480000, 0x00000000eab00000)
  object space 70144K, 13% used [0x00000000c0000000,0x00000000c094e090,0x00000000c4480000)
 Metaspace       used 26631K, capacity 27292K, committed 27520K, reserved 1073152K
  class space    used 3679K, capacity 3900K, committed 3968K, reserved 1048576K

Card table byte_map: [0x0000000001350000,0x0000000001560000] byte_map_base: 0x0000000000d50000

Marking Bits: (ParMarkBitMap*) 0x0000000052b04040
 Begin Bits: [0x0000000012400000, 0x0000000013400000)
 End Bits:   [0x0000000013400000, 0x0000000014400000)

Polling page: 0x0000000000880000

CodeCache: size=245760Kb used=9265Kb max_used=9265Kb free=236494Kb
 bounds [0x0000000003400000, 0x0000000003d20000, 0x0000000012400000]
 total_blobs=2918 nmethods=2276 adapters=554
 compilation: enabled

Compilation events (10 events):
Event: 6.530 Thread 0x0000000001ead000 2281       3       java.io.DataInputStream::readLong (128 bytes)
Event: 6.530 Thread 0x0000000001ead000 nmethod 2281 0x0000000003ceef50 code [0x0000000003cef0c0, 0x0000000003cef468]
Event: 6.530 Thread 0x0000000001ead000 2282       3       java.util.zip.CRC32::update (51 bytes)
Event: 6.530 Thread 0x0000000001ead000 nmethod 2282 0x00000000035279d0 code [0x0000000003527b60, 0x0000000003527f38]
Event: 6.531 Thread 0x0000000001ead000 2283       3       org.gradle.cache.internal.btree.FileBackedBlockStore$Crc32InputStream::read (31 bytes)
Event: 6.531 Thread 0x0000000001ead000 nmethod 2283 0x0000000003527410 code [0x0000000003527580, 0x00000000035278b8]
Event: 6.629 Thread 0x0000000001ead000 2287       3       java.io.FileInputStream::read (9 bytes)
Event: 6.629 Thread 0x0000000001ead000 nmethod 2287 0x0000000003526c90 code [0x0000000003526e00, 0x0000000003526f88]
Event: 6.629 Thread 0x0000000001ead000 2288       3       java.security.MessageDigest::update (45 bytes)
Event: 6.630 Thread 0x0000000001ead000 nmethod 2288 0x0000000003526550 code [0x00000000035266e0, 0x0000000003526ae8]

GC Heap History (10 events):
Event: 3.012 GC heap before
{Heap before GC invocations=3 (full 0):
 PSYoungGen      total 37888K, used 37862K [0x00000000eab00000, 0x00000000ed500000, 0x0000000100000000)
  eden space 32768K, 100% used [0x00000000eab00000,0x00000000ecb00000,0x00000000ecb00000)
  from space 5120K, 99% used [0x00000000ed000000,0x00000000ed4f9aa0,0x00000000ed500000)
  to   space 5120K, 0% used [0x00000000ecb00000,0x00000000ecb00000,0x00000000ed000000)
 ParOldGen       total 86016K, used 1925K [0x00000000c0000000, 0x00000000c5400000, 0x00000000eab00000)
  object space 86016K, 2% used [0x00000000c0000000,0x00000000c01e14a0,0x00000000c5400000)
 Metaspace       used 18046K, capacity 18346K, committed 18560K, reserved 1064960K
  class space    used 2456K, capacity 2577K, committed 2688K, reserved 1048576K
Event: 3.019 GC heap after
Heap after GC invocations=3 (full 0):
 PSYoungGen      total 37888K, used 5088K [0x00000000eab00000, 0x00000000ed500000, 0x0000000100000000)
  eden space 32768K, 0% used [0x00000000eab00000,0x00000000eab00000,0x00000000ecb00000)
  from space 5120K, 99% used [0x00000000ecb00000,0x00000000ecff8020,0x00000000ed000000)
  to   space 5120K, 0% used [0x00000000ed000000,0x00000000ed000000,0x00000000ed500000)
 ParOldGen       total 86016K, used 5534K [0x00000000c0000000, 0x00000000c5400000, 0x00000000eab00000)
  object space 86016K, 6% used [0x00000000c0000000,0x00000000c0567820,0x00000000c5400000)
 Metaspace       used 18046K, capacity 18346K, committed 18560K, reserved 1064960K
  class space    used 2456K, capacity 2577K, committed 2688K, reserved 1048576K
}
Event: 3.521 GC heap before
{Heap before GC invocations=4 (full 0):
 PSYoungGen      total 37888K, used 36884K [0x00000000eab00000, 0x00000000ed500000, 0x0000000100000000)
  eden space 32768K, 97% used [0x00000000eab00000,0x00000000eca0d278,0x00000000ecb00000)
  from space 5120K, 99% used [0x00000000ecb00000,0x00000000ecff8020,0x00000000ed000000)
  to   space 5120K, 0% used [0x00000000ed000000,0x00000000ed000000,0x00000000ed500000)
 ParOldGen       total 86016K, used 5534K [0x00000000c0000000, 0x00000000c5400000, 0x00000000eab00000)
  object space 86016K, 6% used [0x00000000c0000000,0x00000000c0567820,0x00000000c5400000)
 Metaspace       used 20796K, capacity 21140K, committed 21248K, reserved 1067008K
  class space    used 2890K, capacity 3032K, committed 3072K, reserved 1048576K
Event: 3.530 GC heap after
Heap after GC invocations=4 (full 0):
 PSYoungGen      total 37888K, used 5088K [0x00000000eab00000, 0x00000000ed500000, 0x0000000100000000)
  eden space 32768K, 0% used [0x00000000eab00000,0x00000000eab00000,0x00000000ecb00000)
  from space 5120K, 99% used [0x00000000ed000000,0x00000000ed4f8040,0x00000000ed500000)
  to   space 5120K, 0% used [0x00000000ecb00000,0x00000000ecb00000,0x00000000ed000000)
 ParOldGen       total 86016K, used 9715K [0x00000000c0000000, 0x00000000c5400000, 0x00000000eab00000)
  object space 86016K, 11% used [0x00000000c0000000,0x00000000c097cd30,0x00000000c5400000)
 Metaspace       used 20796K, capacity 21140K, committed 21248K, reserved 1067008K
  class space    used 2890K, capacity 3032K, committed 3072K, reserved 1048576K
}
Event: 3.530 GC heap before
{Heap before GC invocations=5 (full 1):
 PSYoungGen      total 37888K, used 5088K [0x00000000eab00000, 0x00000000ed500000, 0x0000000100000000)
  eden space 32768K, 0% used [0x00000000eab00000,0x00000000eab00000,0x00000000ecb00000)
  from space 5120K, 99% used [0x00000000ed000000,0x00000000ed4f8040,0x00000000ed500000)
  to   space 5120K, 0% used [0x00000000ecb00000,0x00000000ecb00000,0x00000000ed000000)
 ParOldGen       total 86016K, used 9715K [0x00000000c0000000, 0x00000000c5400000, 0x00000000eab00000)
  object space 86016K, 11% used [0x00000000c0000000,0x00000000c097cd30,0x00000000c5400000)
 Metaspace       used 20796K, capacity 21140K, committed 21248K, reserved 1067008K
  class space    used 2890K, capacity 3032K, committed 3072K, reserved 1048576K
Event: 3.599 GC heap after
Heap after GC invocations=5 (full 1):
 PSYoungGen      total 37888K, used 0K [0x00000000eab00000, 0x00000000ed500000, 0x0000000100000000)
  eden space 32768K, 0% used [0x00000000eab00000,0x00000000eab00000,0x00000000ecb00000)
  from space 5120K, 0% used [0x00000000ed000000,0x00000000ed000000,0x00000000ed500000)
  to   space 5120K, 0% used [0x00000000ecb00000,0x00000000ecb00000,0x00000000ed000000)
 ParOldGen       total 70144K, used 9448K [0x00000000c0000000, 0x00000000c4480000, 0x00000000eab00000)
  object space 70144K, 13% used [0x00000000c0000000,0x00000000c093a080,0x00000000c4480000)
 Metaspace       used 20796K, capacity 21140K, committed 21248K, reserved 1067008K
  class space    used 2890K, capacity 3032K, committed 3072K, reserved 1048576K
}
Event: 5.731 GC heap before
{Heap before GC invocations=6 (full 1):
 PSYoungGen      total 37888K, used 32768K [0x00000000eab00000, 0x00000000ed500000, 0x0000000100000000)
  eden space 32768K, 100% used [0x00000000eab00000,0x00000000ecb00000,0x00000000ecb00000)
  from space 5120K, 0% used [0x00000000ed000000,0x00000000ed000000,0x00000000ed500000)
  to   space 5120K, 0% used [0x00000000ecb00000,0x00000000ecb00000,0x00000000ed000000)
 ParOldGen       total 70144K, used 9448K [0x00000000c0000000, 0x00000000c4480000, 0x00000000eab00000)
  object space 70144K, 13% used [0x00000000c0000000,0x00000000c093a080,0x00000000c4480000)
 Metaspace       used 23060K, capacity 23566K, committed 23936K, reserved 1069056K
  class space    used 3155K, capacity 3344K, committed 3456K, reserved 1048576K
Event: 5.735 GC heap after
Heap after GC invocations=6 (full 1):
 PSYoungGen      total 37888K, used 3580K [0x00000000eab00000, 0x00000000eeb80000, 0x0000000100000000)
  eden space 32768K, 0% used [0x00000000eab00000,0x00000000eab00000,0x00000000ecb00000)
  from space 5120K, 69% used [0x00000000ecb00000,0x00000000ece7f098,0x00000000ed000000)
  to   space 11776K, 0% used [0x00000000ee000000,0x00000000ee000000,0x00000000eeb80000)
 ParOldGen       total 70144K, used 9456K [0x00000000c0000000, 0x00000000c4480000, 0x00000000eab00000)
  object space 70144K, 13% used [0x00000000c0000000,0x00000000c093c080,0x00000000c4480000)
 Metaspace       used 23060K, capacity 23566K, committed 23936K, reserved 1069056K
  class space    used 3155K, capacity 3344K, committed 3456K, reserved 1048576K
}
Event: 6.451 GC heap before
{Heap before GC invocations=7 (full 1):
 PSYoungGen      total 37888K, used 36348K [0x00000000eab00000, 0x00000000eeb80000, 0x0000000100000000)
  eden space 32768K, 100% used [0x00000000eab00000,0x00000000ecb00000,0x00000000ecb00000)
  from space 5120K, 69% used [0x00000000ecb00000,0x00000000ece7f098,0x00000000ed000000)
  to   space 11776K, 0% used [0x00000000ee000000,0x00000000ee000000,0x00000000eeb80000)
 ParOldGen       total 70144K, used 9456K [0x00000000c0000000, 0x00000000c4480000, 0x00000000eab00000)
  object space 70144K, 13% used [0x00000000c0000000,0x00000000c093c080,0x00000000c4480000)
 Metaspace       used 26383K, capacity 26998K, committed 27264K, reserved 1073152K
  class space    used 3635K, capacity 3867K, committed 3968K, reserved 1048576K
Event: 6.457 GC heap after
Heap after GC invocations=7 (full 1):
 PSYoungGen      total 53248K, used 6407K [0x00000000eab00000, 0x00000000eea80000, 0x0000000100000000)
  eden space 42496K, 0% used [0x00000000eab00000,0x00000000eab00000,0x00000000ed480000)
  from space 10752K, 59% used [0x00000000ee000000,0x00000000ee641ee0,0x00000000eea80000)
  to   space 11264K, 0% used [0x00000000ed480000,0x00000000ed480000,0x00000000edf80000)
 ParOldGen       total 70144K, used 9528K [0x00000000c0000000, 0x00000000c4480000, 0x00000000eab00000)
  object space 70144K, 13% used [0x00000000c0000000,0x00000000c094e090,0x00000000c4480000)
 Metaspace       used 26383K, capacity 26998K, committed 27264K, reserved 1073152K
  class space    used 3635K, capacity 3867K, committed 3968K, reserved 1048576K
}

Deoptimization events (10 events):
Event: 5.294 Thread 0x000000001774b000 Uncommon trap: reason=unstable_if action=reinterpret pc=0x000000000384c404 method=java.lang.String.regionMatches(ZILjava/lang/String;II)Z @ 123
Event: 5.592 Thread 0x000000001774b000 Uncommon trap: reason=bimorphic action=maybe_recompile pc=0x0000000003bffff4 method=org.codehaus.groovy.runtime.metaclass.MetaMethodIndex.addMethodToList(Ljava/lang/Object;Lgroovy/lang/MetaMethod;)Ljava/lang/Object; @ 126
Event: 5.592 Thread 0x000000001774b000 Uncommon trap: reason=bimorphic action=maybe_recompile pc=0x0000000003bffff4 method=org.codehaus.groovy.runtime.metaclass.MetaMethodIndex.addMethodToList(Ljava/lang/Object;Lgroovy/lang/MetaMethod;)Ljava/lang/Object; @ 126
Event: 5.592 Thread 0x000000001774b000 Uncommon trap: reason=bimorphic action=maybe_recompile pc=0x0000000003bffff4 method=org.codehaus.groovy.runtime.metaclass.MetaMethodIndex.addMethodToList(Ljava/lang/Object;Lgroovy/lang/MetaMethod;)Ljava/lang/Object; @ 126
Event: 5.592 Thread 0x000000001774b000 Uncommon trap: reason=bimorphic action=maybe_recompile pc=0x0000000003bffff4 method=org.codehaus.groovy.runtime.metaclass.MetaMethodIndex.addMethodToList(Ljava/lang/Object;Lgroovy/lang/MetaMethod;)Ljava/lang/Object; @ 126
Event: 5.794 Thread 0x000000001774b000 Uncommon trap: reason=class_check action=maybe_recompile pc=0x0000000003bd1388 method=org.codehaus.groovy.reflection.ParameterTypes.getParametersTypes0()V @ 16
Event: 5.795 Thread 0x000000001774b000 Uncommon trap: reason=class_check action=maybe_recompile pc=0x0000000003bd1388 method=org.codehaus.groovy.reflection.ParameterTypes.getParametersTypes0()V @ 16
Event: 5.795 Thread 0x000000001774b000 Uncommon trap: reason=class_check action=maybe_recompile pc=0x0000000003bd1388 method=org.codehaus.groovy.reflection.ParameterTypes.getParametersTypes0()V @ 16
Event: 5.795 Thread 0x000000001774b000 Uncommon trap: reason=class_check action=maybe_recompile pc=0x0000000003bd1388 method=org.codehaus.groovy.reflection.ParameterTypes.getParametersTypes0()V @ 16
Event: 6.056 Thread 0x000000001774b000 Uncommon trap: reason=unstable_if action=reinterpret pc=0x00000000038c9304 method=java.lang.AbstractStringBuilder.append(Ljava/lang/String;)Ljava/lang/AbstractStringBuilder; @ 1

Internal exceptions (10 events):
Event: 5.793 Thread 0x000000001774b000 Exception <a 'java/lang/ClassNotFoundException': java/io/FileBeanInfo> (0x00000000eb22c3b8) thrown at [C:\re\workspace\8-2-build-windows-amd64-cygwin\jdk8u45\3627\hotspot\src\share\vm\classfile\systemDictionary.cpp, line 210]
Event: 5.794 Thread 0x000000001774b000 Exception <a 'java/lang/ClassNotFoundException': java/io/FileCustomizer> (0x00000000eb22fd48) thrown at [C:\re\workspace\8-2-build-windows-amd64-cygwin\jdk8u45\3627\hotspot\src\share\vm\classfile\systemDictionary.cpp, line 210]
Event: 5.818 Thread 0x000000001774b000 Exception <a 'java/lang/ClassNotFoundException': java/lang/SystemBeanInfo> (0x00000000eb2940a8) thrown at [C:\re\workspace\8-2-build-windows-amd64-cygwin\jdk8u45\3627\hotspot\src\share\vm\classfile\systemDictionary.cpp, line 210]
Event: 5.819 Thread 0x000000001774b000 Exception <a 'java/lang/ClassNotFoundException': java/lang/SystemCustomizer> (0x00000000eb2979a8) thrown at [C:\re\workspace\8-2-build-windows-amd64-cygwin\jdk8u45\3627\hotspot\src\share\vm\classfile\systemDictionary.cpp, line 210]
Event: 5.820 Thread 0x000000001774b000 Exception <a 'java/lang/ClassNotFoundException': java/util/Collections$UnmodifiableMapBeanInfo> (0x00000000eb2bd300) thrown at [C:\re\workspace\8-2-build-windows-amd64-cygwin\jdk8u45\3627\hotspot\src\share\vm\classfile\systemDictionary.cpp, line 210]
Event: 5.820 Thread 0x000000001774b000 Exception <a 'java/lang/ClassNotFoundException': java/util/Collections$UnmodifiableMapCustomizer> (0x00000000eb2c10a8) thrown at [C:\re\workspace\8-2-build-windows-amd64-cygwin\jdk8u45\3627\hotspot\src\share\vm\classfile\systemDictionary.cpp, line 210]
Event: 5.836 Thread 0x000000001774b000 Exception <a 'java/lang/ClassNotFoundException': org/codehaus/groovy/runtime/NullObjectBeanInfo> (0x00000000eb346220) thrown at [C:\re\workspace\8-2-build-windows-amd64-cygwin\jdk8u45\3627\hotspot\src\share\vm\classfile\systemDictionary.cpp, line 210]
Event: 5.836 Thread 0x000000001774b000 Exception <a 'java/lang/ClassNotFoundException': org/codehaus/groovy/runtime/NullObjectCustomizer> (0x00000000eb364e48) thrown at [C:\re\workspace\8-2-build-windows-amd64-cygwin\jdk8u45\3627\hotspot\src\share\vm\classfile\systemDictionary.cpp, line 210]
Event: 6.056 Thread 0x000000001774b000 Implicit null exception at 0x00000000038c8e22 to 0x00000000038c92f5
Event: 6.499 Thread 0x000000001774b000 Exception <a 'java/lang/NoSuchMethodError': <clinit>> (0x00000000eace55d8) thrown at [C:\re\workspace\8-2-build-windows-amd64-cygwin\jdk8u45\3627\hotspot\src\share\vm\prims\jni.cpp, line 1598]

Events (10 events):
Event: 6.514 loading class org/gradle/internal/resource/cached/ivy/AbstractCachedIndex$1
Event: 6.514 loading class org/gradle/internal/resource/cached/ivy/AbstractCachedIndex$1 done
Event: 6.530 loading class org/gradle/internal/resource/cached/DefaultCachedArtifact
Event: 6.530 loading class org/gradle/internal/resource/cached/DefaultCachedArtifact done
Event: 6.549 loading class org/gradle/api/internal/artifacts/DefaultArtifactIdentifier
Event: 6.549 loading class org/gradle/api/internal/artifacts/DefaultArtifactIdentifier done
Event: 6.550 loading class org/gradle/api/internal/artifacts/ivyservice/resolutionstrategy/DefaultCachePolicy$CachedArtifactResolutionControl
Event: 6.550 loading class org/gradle/api/internal/artifacts/ivyservice/resolutionstrategy/DefaultCachePolicy$CachedArtifactResolutionControl done
Event: 6.550 loading class org/gradle/api/artifacts/cache/ArtifactResolutionControl
Event: 6.550 loading class org/gradle/api/artifacts/cache/ArtifactResolutionControl done


Dynamic libraries:
0x00007ff737150000 - 0x00007ff737187000 	C:\Program Files\Java\jdk1.8.0_45\bin\java.exe
0x00007ffa56dc0000 - 0x00007ffa56f6d000 	C:\Windows\SYSTEM32\ntdll.dll
0x00007ffa55f60000 - 0x00007ffa5609e000 	C:\Windows\system32\KERNEL32.DLL
0x00007ffa53fe0000 - 0x00007ffa540f5000 	C:\Windows\system32\KERNELBASE.dll
0x00007ffa52a70000 - 0x00007ffa52afe000 	C:\Windows\system32\apphelp.dll
0x00007ffa426e0000 - 0x00007ffa42733000 	C:\Windows\AppPatch\AppPatch64\AcGenral.DLL
0x00007ffa569c0000 - 0x00007ffa56a6a000 	C:\Windows\system32\msvcrt.dll
0x00007ffa53ce0000 - 0x00007ffa53d0e000 	C:\Windows\SYSTEM32\SspiCli.dll
0x00007ffa566e0000 - 0x00007ffa56734000 	C:\Windows\system32\SHLWAPI.dll
0x00007ffa55b80000 - 0x00007ffa55cf7000 	C:\Windows\system32\USER32.dll
0x00007ffa56c20000 - 0x00007ffa56db4000 	C:\Windows\system32\ole32.dll
0x00007ffa54640000 - 0x00007ffa55b6a000 	C:\Windows\system32\SHELL32.dll
0x00007ffa534f0000 - 0x00007ffa53511000 	C:\Windows\SYSTEM32\USERENV.dll
0x00007ffa56390000 - 0x00007ffa5643a000 	C:\Windows\system32\ADVAPI32.dll
0x00007ffa48630000 - 0x00007ffa4864e000 	C:\Windows\SYSTEM32\MPR.dll
0x00007ffa55dd0000 - 0x00007ffa55f11000 	C:\Windows\system32\RPCRT4.dll
0x00007ffa56960000 - 0x00007ffa569b9000 	C:\Windows\SYSTEM32\sechost.dll
0x00007ffa56740000 - 0x00007ffa56951000 	C:\Windows\SYSTEM32\combase.dll
0x00007ffa560a0000 - 0x00007ffa561f0000 	C:\Windows\system32\GDI32.dll
0x00007ffa53f10000 - 0x00007ffa53f25000 	C:\Windows\SYSTEM32\profapi.dll
0x00007ffa52430000 - 0x00007ffa524e2000 	C:\Windows\SYSTEM32\SHCORE.dll
0x00007ffa544a0000 - 0x00007ffa544d6000 	C:\Windows\system32\IMM32.DLL
0x00007ffa544e0000 - 0x00007ffa54632000 	C:\Windows\system32\MSCTF.dll
0x00007ffa51bb0000 - 0x00007ffa51e2b000 	C:\Windows\WinSxS\amd64_microsoft.windows.common-controls_6595b64144ccf1df_6.0.9600.18006_none_623f33d3ecbe86e8\COMCTL32.dll
0x0000000052b90000 - 0x0000000052c62000 	C:\Program Files\Java\jdk1.8.0_45\jre\bin\msvcr100.dll
0x0000000052300000 - 0x0000000052b83000 	C:\Program Files\Java\jdk1.8.0_45\jre\bin\server\jvm.dll
0x00007ffa4bee0000 - 0x00007ffa4bee9000 	C:\Windows\SYSTEM32\WSOCK32.dll
0x00007ffa4ee80000 - 0x00007ffa4eea2000 	C:\Windows\SYSTEM32\WINMM.dll
0x00007ffa4c9e0000 - 0x00007ffa4c9ea000 	C:\Windows\SYSTEM32\VERSION.dll
0x00007ffa56260000 - 0x00007ffa56267000 	C:\Windows\system32\PSAPI.DLL
0x00007ffa54440000 - 0x00007ffa5449a000 	C:\Windows\system32\WS2_32.dll
0x00007ffa4ee50000 - 0x00007ffa4ee7a000 	C:\Windows\SYSTEM32\WINMMBASE.dll
0x00007ffa55f30000 - 0x00007ffa55f39000 	C:\Windows\system32\NSI.dll
0x00007ffa542e0000 - 0x00007ffa5432f000 	C:\Windows\SYSTEM32\cfgmgr32.dll
0x00007ffa52ce0000 - 0x00007ffa52d08000 	C:\Windows\SYSTEM32\DEVOBJ.dll
0x00000000522f0000 - 0x00000000522ff000 	C:\Program Files\Java\jdk1.8.0_45\jre\bin\verify.dll
0x00000000522c0000 - 0x00000000522e9000 	C:\Program Files\Java\jdk1.8.0_45\jre\bin\java.dll
0x00000000522a0000 - 0x00000000522b6000 	C:\Program Files\Java\jdk1.8.0_45\jre\bin\zip.dll
0x0000000052280000 - 0x000000005229a000 	C:\Program Files\Java\jdk1.8.0_45\jre\bin\net.dll
0x00007ffa53770000 - 0x00007ffa537c9000 	C:\Windows\system32\mswsock.dll
0x0000000052260000 - 0x0000000052271000 	C:\Program Files\Java\jdk1.8.0_45\jre\bin\nio.dll
0x00007ffa4d930000 - 0x00007ffa4d942000 	C:\Users\user\.gradle\native\19\windows-amd64\native-platform.dll
0x00007ffa4eba0000 - 0x00007ffa4ebca000 	C:\Windows\SYSTEM32\IPHLPAPI.DLL
0x00007ffa4ec40000 - 0x00007ffa4ec4a000 	C:\Windows\SYSTEM32\WINNSI.DLL
0x00007ffa4eaa0000 - 0x00007ffa4eab6000 	C:\Windows\SYSTEM32\dhcpcsvc6.DLL
0x00007ffa4ea80000 - 0x00007ffa4ea9a000 	C:\Windows\SYSTEM32\dhcpcsvc.DLL
0x00007ffa537d0000 - 0x00007ffa537f0000 	C:\Windows\SYSTEM32\CRYPTSP.dll
0x00007ffa53390000 - 0x00007ffa533c6000 	C:\Windows\system32\rsaenh.dll
0x00007ffa53a20000 - 0x00007ffa53a46000 	C:\Windows\SYSTEM32\bcrypt.dll
0x00007ffa53d10000 - 0x00007ffa53d73000 	C:\Windows\system32\bcryptprimitives.dll
0x00007ffa53d80000 - 0x00007ffa53d8b000 	C:\Windows\SYSTEM32\CRYPTBASE.dll
0x00007ffa53520000 - 0x00007ffa535c4000 	C:\Windows\SYSTEM32\DNSAPI.dll
0x0000000053330000 - 0x0000000053356000 	C:\Program Files\Bonjour\mdnsNSP.dll
0x00007ffa4a5a0000 - 0x00007ffa4a5aa000 	C:\Windows\System32\rasadhlp.dll
0x00007ffa4ebd0000 - 0x00007ffa4ec3b000 	C:\Windows\System32\fwpuclnt.dll
0x00007ffa43270000 - 0x00007ffa433f9000 	C:\Windows\SYSTEM32\dbghelp.dll

VM Arguments:
jvm_args: -XX:MaxPermSize=256m -XX:+HeapDumpOnOutOfMemoryError -Xmx1024m -Dfile.encoding=windows-1252 -Duser.country=US -Duser.language=en -Duser.variant 
java_command: org.gradle.launcher.daemon.bootstrap.GradleDaemon 2.5
java_class_path (initial): C:\Users\user\.gradle\wrapper\dists\gradle-2.5-all\d3xh0kipe7wr2bvnx5sk0hao8\gradle-2.5\lib\gradle-launcher-2.5.jar
Launcher Type: SUN_STANDARD

Environment Variables:
JAVA_HOME=C:\Program Files\Java\jdk1.8.0_45
PATH=C:\ProgramData\Oracle\Java\javapath;C:\Program Files (x86)\Git\cmd;C:\Program Files (x86)\GtkSharp\2.12\bin;C:\Program Files (x86)\CMake\bin;C:\Program Files (x86)\Windows Kits\8.1\Windows Performance Toolkit\;C:\Program Files (x86)\Microsoft SDKs\TypeScript\1.0\;C:\Program Files\Microsoft SQL Server\120\Tools\Binn\;C:\Python27\Scripts;C:\Users\user\.dnx\bin;C:\Program Files\Microsoft DNX\Dnvm\;C:\Program Files\nodejs\;C:\Program Files (x86)\Skype\Phone\;C:\MinGW\bin;C:\frc\bin;C:\Users\user\AppData\Local\atom\bin;C:\Users\user\AppData\Roaming\npm
USERNAME=user
OS=Windows_NT
PROCESSOR_IDENTIFIER=Intel64 Family 6 Model 58 Stepping 9, GenuineIntel



---------------  S Y S T E M  ---------------

OS: Windows 8.1 , 64 bit Build 9600 (6.3.9600.17415)

CPU:total 4 (4 cores per cpu, 1 threads per core) family 6 model 58 stepping 9, cmov, cx8, fxsr, mmx, sse, sse2, sse3, ssse3, sse4.1, sse4.2, popcnt, avx, aes, clmul, erms, tsc, tscinvbit, tscinv

Memory: 4k page, physical 8254904k(1023904k free), swap 12449208k(5384k free)

vm_info: Java HotSpot(TM) 64-Bit Server VM (25.45-b02) for windows-amd64 JRE (1.8.0_45-b15), built on Apr 30 2015 12:40:44 by "java_re" with MS VC++ 10.0 (VS2010)

time: Fri Mar 18 21:59:03 2016
elapsed time: 6 seconds (0d 0h 0m 6s)

