#
# There is insufficient memory for the Java Runtime Environment to continue.
# Native memory allocation (malloc) failed to allocate 264336 bytes for Chunk::new
# Possible reasons:
#   The system is out of physical RAM or swap space
#   In 32 bit mode, the process size limit was hit
# Possible solutions:
#   Reduce memory load on the system
#   Increase physical memory or swap space
#   Check if swap backing store is full
#   Use 64 bit Java on a 64 bit OS
#   Decrease Java heap size (-Xmx/-Xms)
#   Decrease number of Java threads
#   Decrease Java thread stack sizes (-Xss)
#   Set larger code cache with -XX:ReservedCodeCacheSize=
# This output file may be truncated or incomplete.
#
#  Out of Memory Error (allocation.cpp:390), pid=227016, tid=218188
#
# JRE version: Java(TM) SE Runtime Environment (8.0_45-b15) (build 1.8.0_45-b15)
# Java VM: Java HotSpot(TM) 64-Bit Server VM (25.45-b02 mixed mode windows-amd64 compressed oops)
# Failed to write core dump. Minidumps are not enabled by default on client versions of Windows
#

---------------  T H R E A D  ---------------

Current thread (0x00000000169f4800):  JavaThread "C2 CompilerThread1" daemon [_thread_in_native, id=218188, stack(0x0000000018040000,0x0000000018140000)]

Stack: [0x0000000018040000,0x0000000018140000]
Native frames: (J=compiled Java code, j=interpreted, Vv=VM code, C=native code)
V  [jvm.dll+0x32b57a]
V  [jvm.dll+0x279873]
V  [jvm.dll+0x27a509]
V  [jvm.dll+0x271825]
V  [jvm.dll+0xcb9e2]
V  [jvm.dll+0xcbeac]
V  [jvm.dll+0x49298c]
V  [jvm.dll+0x45f6ff]
V  [jvm.dll+0x46a73b]
V  [jvm.dll+0x46cd52]
V  [jvm.dll+0x4500f2]
V  [jvm.dll+0xa4352]
V  [jvm.dll+0xa4c8f]
V  [jvm.dll+0x241984]
V  [jvm.dll+0x29853a]
C  [msvcr100.dll+0x21d9f]
C  [msvcr100.dll+0x21e3b]
C  [KERNEL32.DLL+0x13d2]
C  [ntdll.dll+0x154e4]


Current CompileTask:
C2:  50817 2620       4       java.util.Calendar::getDisplayName (93 bytes)


---------------  P R O C E S S  ---------------

Java Threads: ( => current thread )
  0x000000001c0ea800 JavaThread "Prism Font Disposer" daemon [_thread_blocked, id=222800, stack(0x000000001ec50000,0x000000001ed50000)]
  0x000000001c70e800 JavaThread "JavaFX-Launcher" [_thread_blocked, id=225936, stack(0x000000001d0a0000,0x000000001d1a0000)]
  0x000000001c5f5000 JavaThread "ebean-h21" daemon [_thread_blocked, id=225964, stack(0x000000001cca0000,0x000000001cda0000)]
  0x000000001904c800 JavaThread "ebean-h2-periodic-1" daemon [_thread_blocked, id=225304, stack(0x000000001b4c0000,0x000000001b5c0000)]
  0x0000000018c7b000 JavaThread "MVStore background writer nio:C:/Users/user/IdeaProjects/database/h2database.mv.db" daemon [_thread_blocked, id=226220, stack(0x000000001b7d0000,0x000000001b8d0000)]
  0x00000000189aa000 JavaThread "Thread-2" daemon [_thread_in_native, id=226568, stack(0x000000001aea0000,0x000000001afa0000)]
  0x000000001860a800 JavaThread "JavaFX Application Thread" [_thread_in_native, id=226024, stack(0x00000000193d0000,0x00000000194d0000)]
  0x0000000018609800 JavaThread "Thread-1" daemon [_thread_blocked, id=190028, stack(0x00000000192d0000,0x00000000193d0000)]
  0x00000000185db000 JavaThread "QuantumRenderer-0" daemon [_thread_blocked, id=223936, stack(0x0000000018840000,0x0000000018940000)]
  0x0000000018268800 JavaThread "Service Thread" daemon [_thread_blocked, id=192296, stack(0x0000000018640000,0x0000000018740000)]
  0x00000000169f8000 JavaThread "C1 CompilerThread2" daemon [_thread_blocked, id=222304, stack(0x0000000018140000,0x0000000018240000)]
=>0x00000000169f4800 JavaThread "C2 CompilerThread1" daemon [_thread_in_native, id=218188, stack(0x0000000018040000,0x0000000018140000)]
  0x00000000169ee800 JavaThread "C2 CompilerThread0" daemon [_thread_in_native, id=225788, stack(0x0000000017f40000,0x0000000018040000)]
  0x00000000169ec800 JavaThread "Attach Listener" daemon [_thread_blocked, id=226196, stack(0x0000000017e40000,0x0000000017f40000)]
  0x00000000169eb800 JavaThread "Signal Dispatcher" daemon [_thread_blocked, id=223756, stack(0x0000000017d40000,0x0000000017e40000)]
  0x00000000169b9000 JavaThread "Finalizer" daemon [_thread_blocked, id=217464, stack(0x0000000017c40000,0x0000000017d40000)]
  0x0000000001e50800 JavaThread "Reference Handler" daemon [_thread_blocked, id=186044, stack(0x0000000017b40000,0x0000000017c40000)]
  0x0000000001c5d800 JavaThread "main" [_thread_blocked, id=223524, stack(0x0000000001c60000,0x0000000001d60000)]

Other Threads:
  0x00000000169b7000 VMThread [stack: 0x0000000017a40000,0x0000000017b40000] [id=227236]
  0x0000000016a4d800 WatcherThread [stack: 0x0000000018740000,0x0000000018840000] [id=227132]

VM state:not at safepoint (normal execution)

VM Mutex/Monitor currently owned by a thread: None

Heap:
 PSYoungGen      total 37888K, used 8036K [0x00000000d6000000, 0x00000000d8a00000, 0x0000000100000000)
  eden space 32768K, 9% used [0x00000000d6000000,0x00000000d62e2b58,0x00000000d8000000)
  from space 5120K, 99% used [0x00000000d8500000,0x00000000d89f6740,0x00000000d8a00000)
  to   space 5120K, 0% used [0x00000000d8000000,0x00000000d8000000,0x00000000d8500000)
 ParOldGen       total 59392K, used 11696K [0x0000000082000000, 0x0000000085a00000, 0x00000000d6000000)
  object space 59392K, 19% used [0x0000000082000000,0x0000000082b6c0c0,0x0000000085a00000)
 Metaspace       used 26558K, capacity 27276K, committed 27520K, reserved 1073152K
  class space    used 3425K, capacity 3611K, committed 3712K, reserved 1048576K

Card table byte_map: [0x00000000113c0000,0x00000000117c0000] byte_map_base: 0x0000000010fb0000

Marking Bits: (ParMarkBitMap*) 0x0000000052b04040
 Begin Bits: [0x0000000011d60000, 0x0000000013ce0000)
 End Bits:   [0x0000000013ce0000, 0x0000000015c60000)

Polling page: 0x0000000001c30000

CodeCache: size=245760Kb used=8114Kb max_used=8114Kb free=237645Kb
 bounds [0x0000000002000000, 0x0000000002800000, 0x0000000011000000]
 total_blobs=3333 nmethods=2599 adapters=646
 compilation: enabled

Compilation events (10 events):
Event: 50.102 Thread 0x00000000169f8000 2615       1       java.nio.Buffer::capacity (5 bytes)
Event: 50.102 Thread 0x00000000169f8000 nmethod 2615 0x000000000213a7d0 code [0x000000000213a920, 0x000000000213aa30]
Event: 50.601 Thread 0x00000000169f8000 2616   !   3       org.h2.mvstore.Chunk::readChunkHeader (138 bytes)
Event: 50.602 Thread 0x00000000169f8000 nmethod 2616 0x00000000027ef490 code [0x00000000027ef760, 0x00000000027f0f88]
Event: 50.602 Thread 0x00000000169f8000 2617       3       org.h2.mvstore.MVStore::canOverwriteChunk (73 bytes)
Event: 50.603 Thread 0x00000000169f8000 nmethod 2617 0x0000000002135550 code [0x00000000021356c0, 0x00000000021359d0]
Event: 50.603 Thread 0x00000000169f8000 2618       1       org.h2.mvstore.MVMap::getId (5 bytes)
Event: 50.603 Thread 0x00000000169f8000 nmethod 2618 0x00000000027c3bd0 code [0x00000000027c3d20, 0x00000000027c3e30]
Event: 50.685 Thread 0x00000000169ee800 2619       4       java.text.SimpleDateFormat::subFormat (1260 bytes)
Event: 50.685 Thread 0x00000000169f4800 2620       4       java.util.Calendar::getDisplayName (93 bytes)

GC Heap History (10 events):
Event: 1.866 GC heap before
{Heap before GC invocations=1 (full 0):
 PSYoungGen      total 37888K, used 32768K [0x00000000d6000000, 0x00000000d8a00000, 0x0000000100000000)
  eden space 32768K, 100% used [0x00000000d6000000,0x00000000d8000000,0x00000000d8000000)
  from space 5120K, 0% used [0x00000000d8500000,0x00000000d8500000,0x00000000d8a00000)
  to   space 5120K, 0% used [0x00000000d8000000,0x00000000d8000000,0x00000000d8500000)
 ParOldGen       total 86016K, used 0K [0x0000000082000000, 0x0000000087400000, 0x00000000d6000000)
  object space 86016K, 0% used [0x0000000082000000,0x0000000082000000,0x0000000087400000)
 Metaspace       used 12004K, capacity 12286K, committed 12544K, reserved 1060864K
  class space    used 1332K, capacity 1433K, committed 1536K, reserved 1048576K
Event: 1.870 GC heap after
Heap after GC invocations=1 (full 0):
 PSYoungGen      total 37888K, used 5115K [0x00000000d6000000, 0x00000000d8a00000, 0x0000000100000000)
  eden space 32768K, 0% used [0x00000000d6000000,0x00000000d6000000,0x00000000d8000000)
  from space 5120K, 99% used [0x00000000d8000000,0x00000000d84fef08,0x00000000d8500000)
  to   space 5120K, 0% used [0x00000000d8500000,0x00000000d8500000,0x00000000d8a00000)
 ParOldGen       total 86016K, used 559K [0x0000000082000000, 0x0000000087400000, 0x00000000d6000000)
  object space 86016K, 0% used [0x0000000082000000,0x000000008208bd48,0x0000000087400000)
 Metaspace       used 12004K, capacity 12286K, committed 12544K, reserved 1060864K
  class space    used 1332K, capacity 1433K, committed 1536K, reserved 1048576K
}
Event: 2.657 GC heap before
{Heap before GC invocations=2 (full 0):
 PSYoungGen      total 37888K, used 37883K [0x00000000d6000000, 0x00000000d8a00000, 0x0000000100000000)
  eden space 32768K, 100% used [0x00000000d6000000,0x00000000d8000000,0x00000000d8000000)
  from space 5120K, 99% used [0x00000000d8000000,0x00000000d84fef08,0x00000000d8500000)
  to   space 5120K, 0% used [0x00000000d8500000,0x00000000d8500000,0x00000000d8a00000)
 ParOldGen       total 86016K, used 559K [0x0000000082000000, 0x0000000087400000, 0x00000000d6000000)
  object space 86016K, 0% used [0x0000000082000000,0x000000008208bd48,0x0000000087400000)
 Metaspace       used 19623K, capacity 20046K, committed 20224K, reserved 1067008K
  class space    used 2360K, capacity 2494K, committed 2560K, reserved 1048576K
Event: 2.662 GC heap after
Heap after GC invocations=2 (full 0):
 PSYoungGen      total 37888K, used 5088K [0x00000000d6000000, 0x00000000d8a00000, 0x0000000100000000)
  eden space 32768K, 0% used [0x00000000d6000000,0x00000000d6000000,0x00000000d8000000)
  from space 5120K, 99% used [0x00000000d8500000,0x00000000d89f8080,0x00000000d8a00000)
  to   space 5120K, 0% used [0x00000000d8000000,0x00000000d8000000,0x00000000d8500000)
 ParOldGen       total 86016K, used 3418K [0x0000000082000000, 0x0000000087400000, 0x00000000d6000000)
  object space 86016K, 3% used [0x0000000082000000,0x0000000082356a50,0x0000000087400000)
 Metaspace       used 19623K, capacity 20046K, committed 20224K, reserved 1067008K
  class space    used 2360K, capacity 2494K, committed 2560K, reserved 1048576K
}
Event: 2.867 GC heap before
{Heap before GC invocations=3 (full 0):
 PSYoungGen      total 37888K, used 9202K [0x00000000d6000000, 0x00000000d8a00000, 0x0000000100000000)
  eden space 32768K, 12% used [0x00000000d6000000,0x00000000d6404a18,0x00000000d8000000)
  from space 5120K, 99% used [0x00000000d8500000,0x00000000d89f8080,0x00000000d8a00000)
  to   space 5120K, 0% used [0x00000000d8000000,0x00000000d8000000,0x00000000d8500000)
 ParOldGen       total 86016K, used 3418K [0x0000000082000000, 0x0000000087400000, 0x00000000d6000000)
  object space 86016K, 3% used [0x0000000082000000,0x0000000082356a50,0x0000000087400000)
 Metaspace       used 20740K, capacity 21122K, committed 21296K, reserved 1069056K
  class space    used 2578K, capacity 2674K, committed 2688K, reserved 1048576K
Event: 2.870 GC heap after
Heap after GC invocations=3 (full 0):
 PSYoungGen      total 37888K, used 5104K [0x00000000d6000000, 0x00000000d8a00000, 0x0000000100000000)
  eden space 32768K, 0% used [0x00000000d6000000,0x00000000d6000000,0x00000000d8000000)
  from space 5120K, 99% used [0x00000000d8000000,0x00000000d84fc050,0x00000000d8500000)
  to   space 5120K, 0% used [0x00000000d8500000,0x00000000d8500000,0x00000000d8a00000)
 ParOldGen       total 86016K, used 3658K [0x0000000082000000, 0x0000000087400000, 0x00000000d6000000)
  object space 86016K, 4% used [0x0000000082000000,0x0000000082392a50,0x0000000087400000)
 Metaspace       used 20740K, capacity 21122K, committed 21296K, reserved 1069056K
  class space    used 2578K, capacity 2674K, committed 2688K, reserved 1048576K
}
Event: 2.870 GC heap before
{Heap before GC invocations=4 (full 1):
 PSYoungGen      total 37888K, used 5104K [0x00000000d6000000, 0x00000000d8a00000, 0x0000000100000000)
  eden space 32768K, 0% used [0x00000000d6000000,0x00000000d6000000,0x00000000d8000000)
  from space 5120K, 99% used [0x00000000d8000000,0x00000000d84fc050,0x00000000d8500000)
  to   space 5120K, 0% used [0x00000000d8500000,0x00000000d8500000,0x00000000d8a00000)
 ParOldGen       total 86016K, used 3658K [0x0000000082000000, 0x0000000087400000, 0x00000000d6000000)
  object space 86016K, 4% used [0x0000000082000000,0x0000000082392a50,0x0000000087400000)
 Metaspace       used 20740K, capacity 21122K, committed 21296K, reserved 1069056K
  class space    used 2578K, capacity 2674K, committed 2688K, reserved 1048576K
Event: 2.894 GC heap after
Heap after GC invocations=4 (full 1):
 PSYoungGen      total 37888K, used 0K [0x00000000d6000000, 0x00000000d8a00000, 0x0000000100000000)
  eden space 32768K, 0% used [0x00000000d6000000,0x00000000d6000000,0x00000000d8000000)
  from space 5120K, 0% used [0x00000000d8000000,0x00000000d8000000,0x00000000d8500000)
  to   space 5120K, 0% used [0x00000000d8500000,0x00000000d8500000,0x00000000d8a00000)
 ParOldGen       total 59392K, used 5792K [0x0000000082000000, 0x0000000085a00000, 0x00000000d6000000)
  object space 59392K, 9% used [0x0000000082000000,0x00000000825a8090,0x0000000085a00000)
 Metaspace       used 20740K, capacity 21122K, committed 21296K, reserved 1069056K
  class space    used 2578K, capacity 2674K, committed 2688K, reserved 1048576K
}
Event: 46.700 GC heap before
{Heap before GC invocations=5 (full 1):
 PSYoungGen      total 37888K, used 32768K [0x00000000d6000000, 0x00000000d8a00000, 0x0000000100000000)
  eden space 32768K, 100% used [0x00000000d6000000,0x00000000d8000000,0x00000000d8000000)
  from space 5120K, 0% used [0x00000000d8000000,0x00000000d8000000,0x00000000d8500000)
  to   space 5120K, 0% used [0x00000000d8500000,0x00000000d8500000,0x00000000d8a00000)
 ParOldGen       total 59392K, used 5792K [0x0000000082000000, 0x0000000085a00000, 0x00000000d6000000)
  object space 59392K, 9% used [0x0000000082000000,0x00000000825a8090,0x0000000085a00000)
 Metaspace       used 26511K, capacity 27212K, committed 27520K, reserved 1073152K
  class space    used 3425K, capacity 3611K, committed 3712K, reserved 1048576K
Event: 46.705 GC heap after
Heap after GC invocations=5 (full 1):
 PSYoungGen      total 37888K, used 5081K [0x00000000d6000000, 0x00000000d8a00000, 0x0000000100000000)
  eden space 32768K, 0% used [0x00000000d6000000,0x00000000d6000000,0x00000000d8000000)
  from space 5120K, 99% used [0x00000000d8500000,0x00000000d89f6740,0x00000000d8a00000)
  to   space 5120K, 0% used [0x00000000d8000000,0x00000000d8000000,0x00000000d8500000)
 ParOldGen       total 59392K, used 11696K [0x0000000082000000, 0x0000000085a00000, 0x00000000d6000000)
  object space 59392K, 19% used [0x0000000082000000,0x0000000082b6c0c0,0x0000000085a00000)
 Metaspace       used 26511K, capacity 27212K, committed 27520K, reserved 1073152K
  class space    used 3425K, capacity 3611K, committed 3712K, reserved 1048576K
}

Deoptimization events (10 events):
Event: 3.135 Thread 0x000000001860a800 Uncommon trap: reason=bimorphic action=maybe_recompile pc=0x0000000002458a9c method=java.io.DataInputStream.readByte()B @ 4
Event: 3.135 Thread 0x000000001860a800 Uncommon trap: reason=bimorphic action=maybe_recompile pc=0x0000000002458a9c method=java.io.DataInputStream.readByte()B @ 4
Event: 3.135 Thread 0x000000001860a800 Uncommon trap: reason=bimorphic action=maybe_recompile pc=0x0000000002458a9c method=java.io.DataInputStream.readByte()B @ 4
Event: 3.135 Thread 0x000000001860a800 Uncommon trap: reason=bimorphic action=maybe_recompile pc=0x00000000024599d0 method=java.io.DataInputStream.readShort()S @ 4
Event: 3.135 Thread 0x000000001860a800 Uncommon trap: reason=bimorphic action=maybe_recompile pc=0x00000000024599d0 method=java.io.DataInputStream.readShort()S @ 4
Event: 3.135 Thread 0x000000001860a800 Uncommon trap: reason=bimorphic action=maybe_recompile pc=0x00000000024599d0 method=java.io.DataInputStream.readShort()S @ 4
Event: 3.167 Thread 0x000000001860a800 Uncommon trap: reason=unstable_if action=reinterpret pc=0x000000000245dc60 method=com.sun.javafx.iio.png.PNGImageLoader2.copyTrns_rgb([B[BII)V @ 108
Event: 3.269 Thread 0x000000001860a800 Uncommon trap: reason=unstable_if action=reinterpret pc=0x00000000023466ac method=java.lang.String.regionMatches(ZILjava/lang/String;II)Z @ 123
Event: 3.320 Thread 0x000000001860a800 Uncommon trap: reason=unstable_if action=reinterpret pc=0x0000000002350b6c method=java.lang.ClassLoader.checkName(Ljava/lang/String;)Z @ 20
Event: 3.532 Thread 0x000000001860a800 Uncommon trap: reason=unstable_if action=reinterpret pc=0x00000000024ce368 method=jdk.internal.org.objectweb.asm.Type.getArgumentsAndReturnSizes(Ljava/lang/String;)I @ 47

Internal exceptions (10 events):
Event: 2.014 Thread 0x0000000001c5d800 Exception <a 'java/lang/ArrayIndexOutOfBoundsException'> (0x00000000d6820a58) thrown at [C:\re\workspace\8-2-build-windows-amd64-cygwin\jdk8u45\3627\hotspot\src\share\vm\runtime\sharedRuntime.cpp, line 605]
Event: 2.015 Thread 0x0000000001c5d800 Exception <a 'java/lang/ArrayIndexOutOfBoundsException'> (0x00000000d6821c48) thrown at [C:\re\workspace\8-2-build-windows-amd64-cygwin\jdk8u45\3627\hotspot\src\share\vm\runtime\sharedRuntime.cpp, line 605]
Event: 2.017 Thread 0x0000000001c5d800 Exception <a 'java/lang/ArrayIndexOutOfBoundsException'> (0x00000000d684dd78) thrown at [C:\re\workspace\8-2-build-windows-amd64-cygwin\jdk8u45\3627\hotspot\src\share\vm\runtime\sharedRuntime.cpp, line 605]
Event: 2.441 Thread 0x000000001860a800 Exception <a 'java/lang/NullPointerException'> (0x00000000d78e8de8) thrown at [C:\re\workspace\8-2-build-windows-amd64-cygwin\jdk8u45\3627\hotspot\src\share\vm\interpreter\linkResolver.cpp, line 1178]
Event: 2.441 Thread 0x000000001860a800 Exception <a 'java/lang/NullPointerException'> (0x00000000d78e8de8) thrown at [C:\re\workspace\8-2-build-windows-amd64-cygwin\jdk8u45\3627\hotspot\src\share\vm\prims\jvm.cpp, line 1386]
Event: 2.485 Thread 0x000000001860a800 Exception <a 'java/lang/ArrayIndexOutOfBoundsException'> (0x00000000d7ac1e00) thrown at [C:\re\workspace\8-2-build-windows-amd64-cygwin\jdk8u45\3627\hotspot\src\share\vm\runtime\sharedRuntime.cpp, line 605]
Event: 2.486 Thread 0x000000001860a800 Exception <a 'java/lang/ArrayIndexOutOfBoundsException'> (0x00000000d7ac3ba8) thrown at [C:\re\workspace\8-2-build-windows-amd64-cygwin\jdk8u45\3627\hotspot\src\share\vm\runtime\sharedRuntime.cpp, line 605]
Event: 2.491 Thread 0x000000001860a800 Exception <a 'java/lang/ArrayIndexOutOfBoundsException'> (0x00000000d7b16490) thrown at [C:\re\workspace\8-2-build-windows-amd64-cygwin\jdk8u45\3627\hotspot\src\share\vm\runtime\sharedRuntime.cpp, line 605]
Event: 2.540 Thread 0x000000001860a800 Exception <a 'java/lang/ArrayIndexOutOfBoundsException': 58> (0x00000000d7bb5900) thrown at [C:\re\workspace\8-2-build-windows-amd64-cygwin\jdk8u45\3627\hotspot\src\share\vm\interpreter\interpreterRuntime.cpp, line 366]
Event: 3.023 Thread 0x000000001860a800 Exception <a 'java/io/FileNotFoundException'> (0x00000000d61fb5b8) thrown at [C:\re\workspace\8-2-build-windows-amd64-cygwin\jdk8u45\3627\hotspot\src\share\vm\prims\jni.cpp, line 709]

Events (10 events):
Event: 46.725 Thread 0x00000000169ee800 flushing nmethod 0x0000000002110bd0
Event: 46.725 Thread 0x00000000169ee800 flushing nmethod 0x0000000002113410
Event: 46.725 Thread 0x00000000169ee800 flushing nmethod 0x0000000002122150
Event: 46.725 Thread 0x00000000169ee800 flushing nmethod 0x000000000212cf10
Event: 46.725 Thread 0x00000000169ee800 flushing nmethod 0x0000000002131990
Event: 46.725 Thread 0x00000000169ee800 flushing nmethod 0x0000000002134a10
Event: 46.725 Thread 0x00000000169ee800 flushing nmethod 0x0000000002135550
Event: 46.725 Thread 0x00000000169ee800 flushing nmethod 0x000000000213a7d0
Event: 46.729 Thread 0x00000000169f4800 flushing nmethod 0x000000000217add0
Event: 47.021 Thread 0x00000000169ee800 flushing nmethod 0x00000000021b6e50


Dynamic libraries:
0x00007ff620b60000 - 0x00007ff620b97000 	C:\Program Files\Java\jdk1.8.0_45\bin\java.exe
0x00007ffa56dc0000 - 0x00007ffa56f6d000 	C:\Windows\SYSTEM32\ntdll.dll
0x00007ffa55f60000 - 0x00007ffa5609e000 	C:\Windows\system32\KERNEL32.DLL
0x00007ffa53fe0000 - 0x00007ffa540f5000 	C:\Windows\system32\KERNELBASE.dll
0x00007ffa52a70000 - 0x00007ffa52afe000 	C:\Windows\system32\apphelp.dll
0x00007ffa42840000 - 0x00007ffa42893000 	C:\Windows\AppPatch\AppPatch64\AcGenral.DLL
0x00007ffa569c0000 - 0x00007ffa56a6a000 	C:\Windows\system32\msvcrt.dll
0x00007ffa53ce0000 - 0x00007ffa53d0e000 	C:\Windows\SYSTEM32\SspiCli.dll
0x00007ffa566e0000 - 0x00007ffa56734000 	C:\Windows\system32\SHLWAPI.dll
0x00007ffa55b80000 - 0x00007ffa55cf7000 	C:\Windows\system32\USER32.dll
0x00007ffa56c20000 - 0x00007ffa56db4000 	C:\Windows\system32\ole32.dll
0x00007ffa54640000 - 0x00007ffa55b6a000 	C:\Windows\system32\SHELL32.dll
0x00007ffa534f0000 - 0x00007ffa53511000 	C:\Windows\SYSTEM32\USERENV.dll
0x00007ffa56390000 - 0x00007ffa5643a000 	C:\Windows\system32\ADVAPI32.dll
0x00007ffa48630000 - 0x00007ffa4864e000 	C:\Windows\SYSTEM32\MPR.dll
0x00007ffa55dd0000 - 0x00007ffa55f11000 	C:\Windows\system32\RPCRT4.dll
0x00007ffa56960000 - 0x00007ffa569b9000 	C:\Windows\SYSTEM32\sechost.dll
0x00007ffa56740000 - 0x00007ffa56951000 	C:\Windows\SYSTEM32\combase.dll
0x00007ffa560a0000 - 0x00007ffa561f0000 	C:\Windows\system32\GDI32.dll
0x00007ffa53f10000 - 0x00007ffa53f25000 	C:\Windows\SYSTEM32\profapi.dll
0x00007ffa52430000 - 0x00007ffa524e2000 	C:\Windows\SYSTEM32\SHCORE.dll
0x00007ffa544a0000 - 0x00007ffa544d6000 	C:\Windows\system32\IMM32.DLL
0x00007ffa544e0000 - 0x00007ffa54632000 	C:\Windows\system32\MSCTF.dll
0x00007ffa51bb0000 - 0x00007ffa51e2b000 	C:\Windows\WinSxS\amd64_microsoft.windows.common-controls_6595b64144ccf1df_6.0.9600.18006_none_623f33d3ecbe86e8\COMCTL32.dll
0x0000000052b90000 - 0x0000000052c62000 	C:\Program Files\Java\jdk1.8.0_45\jre\bin\msvcr100.dll
0x0000000052300000 - 0x0000000052b83000 	C:\Program Files\Java\jdk1.8.0_45\jre\bin\server\jvm.dll
0x00007ffa4bee0000 - 0x00007ffa4bee9000 	C:\Windows\SYSTEM32\WSOCK32.dll
0x00007ffa4ee80000 - 0x00007ffa4eea2000 	C:\Windows\SYSTEM32\WINMM.dll
0x00007ffa4c9e0000 - 0x00007ffa4c9ea000 	C:\Windows\SYSTEM32\VERSION.dll
0x00007ffa56260000 - 0x00007ffa56267000 	C:\Windows\system32\PSAPI.DLL
0x00007ffa54440000 - 0x00007ffa5449a000 	C:\Windows\system32\WS2_32.dll
0x00007ffa4ee50000 - 0x00007ffa4ee7a000 	C:\Windows\SYSTEM32\WINMMBASE.dll
0x00007ffa55f30000 - 0x00007ffa55f39000 	C:\Windows\system32\NSI.dll
0x00007ffa542e0000 - 0x00007ffa5432f000 	C:\Windows\SYSTEM32\cfgmgr32.dll
0x00007ffa52ce0000 - 0x00007ffa52d08000 	C:\Windows\SYSTEM32\DEVOBJ.dll
0x00000000522f0000 - 0x00000000522ff000 	C:\Program Files\Java\jdk1.8.0_45\jre\bin\verify.dll
0x00000000522c0000 - 0x00000000522e9000 	C:\Program Files\Java\jdk1.8.0_45\jre\bin\java.dll
0x00000000522a0000 - 0x00000000522b6000 	C:\Program Files\Java\jdk1.8.0_45\jre\bin\zip.dll
0x0000000052220000 - 0x000000005224c000 	C:\Program Files\Java\jdk1.8.0_45\jre\bin\prism_d3d.dll
0x00007ffa4d2a0000 - 0x00007ffa4d4c1000 	C:\Windows\system32\d3d9.dll
0x00007ffa52230000 - 0x00007ffa52251000 	C:\Windows\SYSTEM32\dwmapi.dll
0x00007ffa52b00000 - 0x00007ffa52c29000 	C:\Windows\system32\uxtheme.dll
0x00007ffa23d60000 - 0x00007ffa248fe000 	C:\Windows\SYSTEM32\igdumdim64.dll
0x00007ffa50390000 - 0x00007ffa507d0000 	C:\Windows\SYSTEM32\igdusc64.dll
0x00000000521d0000 - 0x0000000052211000 	C:\Program Files\Java\jdk1.8.0_45\jre\bin\glass.dll
0x00007ffa56440000 - 0x00007ffa564f6000 	C:\Windows\system32\COMDLG32.dll
0x00007ffa55d00000 - 0x00007ffa55dc1000 	C:\Windows\system32\OLEAUT32.dll
0x00007ffa3cae0000 - 0x00007ffa3cb46000 	C:\Program Files (x86)\Overwolf\0.92.21.0\x64\OWExplorer.dll
0x00007ffa43270000 - 0x00007ffa433f9000 	C:\Windows\SYSTEM32\dbghelp.dll
0x00007ffa52cd0000 - 0x00007ffa52cdb000 	C:\Windows\SYSTEM32\kernel.appcore.dll
0x00007ffa53d80000 - 0x00007ffa53d8b000 	C:\Windows\SYSTEM32\CRYPTBASE.dll
0x00007ffa53d10000 - 0x00007ffa53d73000 	C:\Windows\SYSTEM32\bcryptPrimitives.dll
0x0000000052250000 - 0x000000005225d000 	C:\Program Files\Java\jdk1.8.0_45\jre\bin\management.dll
0x0000000052280000 - 0x000000005229a000 	C:\Program Files\Java\jdk1.8.0_45\jre\bin\net.dll
0x00007ffa53770000 - 0x00007ffa537c9000 	C:\Windows\system32\mswsock.dll
0x00007ffa431f0000 - 0x00007ffa43205000 	C:\Windows\system32\napinsp.dll
0x00007ffa43210000 - 0x00007ffa4322a000 	C:\Windows\system32\pnrpnsp.dll
0x00007ffa4fb40000 - 0x00007ffa4fb5b000 	C:\Windows\system32\NLAapi.dll
0x00007ffa53520000 - 0x00007ffa535c4000 	C:\Windows\SYSTEM32\DNSAPI.dll
0x00007ffa43230000 - 0x00007ffa4323d000 	C:\Windows\System32\winrnr.dll
0x00007ffa43240000 - 0x00007ffa43254000 	C:\Windows\system32\wshbth.dll
0x0000000053330000 - 0x0000000053356000 	C:\Program Files\Bonjour\mdnsNSP.dll
0x00007ffa4eba0000 - 0x00007ffa4ebca000 	C:\Windows\SYSTEM32\Iphlpapi.DLL
0x00007ffa4ec40000 - 0x00007ffa4ec4a000 	C:\Windows\SYSTEM32\WINNSI.DLL
0x00007ffa4a5a0000 - 0x00007ffa4a5aa000 	C:\Windows\System32\rasadhlp.dll
0x00007ffa4ebd0000 - 0x00007ffa4ec3b000 	C:\Windows\System32\fwpuclnt.dll
0x00000000521c0000 - 0x00000000521c9000 	C:\Program Files\Java\jdk1.8.0_45\jre\bin\attach.dll
0x0000000052190000 - 0x00000000521b3000 	C:\Program Files\Java\jdk1.8.0_45\jre\bin\instrument.dll
0x0000000052260000 - 0x0000000052271000 	C:\Program Files\Java\jdk1.8.0_45\jre\bin\nio.dll
0x0000000052170000 - 0x0000000052185000 	C:\Program Files\Java\jdk1.8.0_45\jre\bin\javafx_font.dll
0x00007ffa42ab0000 - 0x00007ffa42c9c000 	C:\Windows\SYSTEM32\dwrite.dll
0x00007ffa562d0000 - 0x00007ffa56386000 	C:\Windows\SYSTEM32\clbcatq.dll
0x00007ffa52080000 - 0x00007ffa5222e000 	C:\Windows\SYSTEM32\WindowsCodecs.dll
0x00007ffa537d0000 - 0x00007ffa537f0000 	C:\Windows\SYSTEM32\CRYPTSP.dll
0x00007ffa53390000 - 0x00007ffa533c6000 	C:\Windows\system32\rsaenh.dll
0x00007ffa53a20000 - 0x00007ffa53a46000 	C:\Windows\SYSTEM32\bcrypt.dll
0x00007ffa43040000 - 0x00007ffa4306e000 	C:\Program Files\Common Files\Microsoft Shared\Ink\rtscom.dll
0x0000000052150000 - 0x0000000052161000 	C:\Program Files\Java\jdk1.8.0_45\jre\bin\prism_common.dll
0x0000000052120000 - 0x0000000052145000 	C:\Program Files\Java\jdk1.8.0_45\jre\bin\javafx_iio.dll

VM Arguments:
jvm_args: -Dfile.encoding=windows-1252 -Duser.country=US -Duser.language=en -Duser.variant 
java_command: sample.Main
java_class_path (initial): C:\Users\user\IdeaProjects\database\build\classes\main;C:\Users\user\IdeaProjects\database\build\resources\main;C:\Program Files\Java\jdk1.8.0_45\jre\lib\ext\jfxrt.jar;C:\Users\user\.gradle\caches\modules-2\files-2.1\org.avaje.ebeanorm\avaje-ebeanorm\7.1.1\e895bbc40abc078230c36a0e145e750d6576fd92\avaje-ebeanorm-7.1.1.jar;C:\Users\user\.gradle\caches\modules-2\files-2.1\org.avaje.ebeanorm\avaje-ebeanorm-agent\4.9.1\784c44e8de6f7692bb6717dc39102f0ee1d3beaa\avaje-ebeanorm-agent-4.9.1.jar;C:\Users\user\.gradle\caches\modules-2\files-2.1\org.avaje\avaje-agentloader\2.1.2\516c3d84450189e36023656e340e336ff396dbc1\avaje-agentloader-2.1.2.jar;C:\Users\user\.gradle\caches\modules-2\files-2.1\com.h2database\h2\1.4.186\cd59cafd63c07654a406cc675719e80dc313ffb9\h2-1.4.186.jar;C:\Users\user\.gradle\caches\modules-2\files-2.1\org.jetbrains\annotations\13.0\919f0dfe192fb4e063e7dacadee7f8bb9a2672a9\annotations-13.0.jar;C:\Users\user\.gradle\caches\modules-2\files-2.1\javax.persistence\persistence-api\1.0\5725f57873e05e068803e2bf9d5a8ea3740ffec5\persistence-api-1.0.jar;C:\Users\user\.gradle\caches\modules-2\files-2.1\com.fasterxml.jackson.core\jackson-core\2.6.5\334369d7eff497f358b248c171dac0dd62c68f67\jackson-core-2.6.5.jar;C:\Users\user\.gradle\caches\modules-2\files-2.1\org.slf4j\slf4j-api\1.7.12\8e20852d05222dc286bf1c71d78d0531e177c317\slf4j-api-1.7.12.jar
Launcher Type: SUN_STANDARD

Environment Variables:
JAVA_HOME=C:\Program Files\Java\jdk1.8.0_45
PATH=C:\ProgramData\Oracle\Java\javapath;C:\Program Files (x86)\Git\cmd;C:\Program Files (x86)\GtkSharp\2.12\bin;C:\Program Files (x86)\CMake\bin;C:\Program Files (x86)\Windows Kits\8.1\Windows Performance Toolkit\;C:\Program Files (x86)\Microsoft SDKs\TypeScript\1.0\;C:\Program Files\Microsoft SQL Server\120\Tools\Binn\;C:\Python27\Scripts;C:\Users\user\.dnx\bin;C:\Program Files\Microsoft DNX\Dnvm\;C:\Program Files\nodejs\;C:\Program Files (x86)\Skype\Phone\;C:\MinGW\bin;C:\frc\bin;C:\Users\user\AppData\Local\atom\bin;C:\Users\user\AppData\Roaming\npm
USERNAME=user
OS=Windows_NT
PROCESSOR_IDENTIFIER=Intel64 Family 6 Model 58 Stepping 9, GenuineIntel



---------------  S Y S T E M  ---------------

OS: Windows 8.1 , 64 bit Build 9600 (6.3.9600.17415)

CPU:total 4 (4 cores per cpu, 1 threads per core) family 6 model 58 stepping 9, cmov, cx8, fxsr, mmx, sse, sse2, sse3, ssse3, sse4.1, sse4.2, popcnt, avx, aes, clmul, erms, tsc, tscinvbit, tscinv

Memory: 4k page, physical 8254904k(1129700k free), swap 12449208k(4852k free)

vm_info: Java HotSpot(TM) 64-Bit Server VM (25.45-b02) for windows-amd64 JRE (1.8.0_45-b15), built on Apr 30 2015 12:40:44 by "java_re" with MS VC++ 10.0 (VS2010)

time: Fri Mar 18 21:52:34 2016
elapsed time: 50 seconds (0d 0h 0m 50s)

